<?xml version="1.0" encoding="UTF-8"?>
<testsuite name="app.command.object.ProductBuilderScriptTest" tests="1" skipped="0" failures="0" errors="0" timestamp="2023-05-19T13:10:09" hostname="DESKTOP-7RO84TQ" time="0.204">
  <properties/>
  <testcase name="build()" classname="app.command.object.ProductBuilderScriptTest" time="0.204"/>
  <system-out><![CDATA[]]></system-out>
  <system-err><![CDATA[]]></system-err>
</testsuite>
